\BOOKMARK [1][-]{section*.2}{\376\377\000R\000\351\000s\000u\000m\000\351\000\040\000E\000x\000\351\000c\000u\000t\000i\000f}{}% 1
\BOOKMARK [1][-]{section.1}{\376\377\000I\000n\000t\000r\000o\000d\000u\000c\000t\000i\000o\000n}{}% 2
\BOOKMARK [2][-]{subsection.1.1}{\376\377\000O\000b\000j\000e\000c\000t\000i\000f\000\040\000I\000n\000d\000u\000s\000t\000r\000i\000e\000l}{section.1}% 3
\BOOKMARK [2][-]{subsection.1.2}{\376\377\000S\000t\000r\000u\000c\000t\000u\000r\000e\000\040\000d\000u\000\040\000S\000y\000s\000t\000\350\000m\000e\000\040\000M\000u\000l\000t\000i\000c\000o\000u\000c\000h\000e\000\040\000\311\000t\000u\000d\000i\000\351}{section.1}% 4
\BOOKMARK [2][-]{subsection.1.3}{\376\377\000P\000a\000r\000a\000m\000\350\000t\000r\000e\000s\000\040\000A\000d\000i\000m\000e\000n\000s\000i\000o\000n\000n\000e\000l\000s\000\040\000C\000l\000\351\000s}{section.1}% 5
\BOOKMARK [2][-]{subsection.1.4}{\376\377\000O\000r\000g\000a\000n\000i\000g\000r\000a\000m\000m\000e\000\040\000d\000e\000\040\000l\000'\000A\000l\000g\000o\000r\000i\000t\000h\000m\000e\000\040\000S\000p\000e\000c\000t\000r\000a\000l}{section.1}% 6
\BOOKMARK [1][-]{section.2}{\376\377\000A\000r\000c\000h\000i\000t\000e\000c\000t\000u\000r\000e\000\040\000G\000l\000o\000b\000a\000l\000e\000\040\000d\000u\000\040\000C\000o\000d\000e}{}% 7
\BOOKMARK [2][-]{subsection.2.1}{\376\377\000S\000t\000r\000u\000c\000t\000u\000r\000e\000\040\000d\000e\000s\000\040\000R\000\351\000p\000e\000r\000t\000o\000i\000r\000e\000s}{section.2}% 8
\BOOKMARK [2][-]{subsection.2.2}{\376\377\000D\000i\000a\000g\000r\000a\000m\000m\000e\000\040\000d\000e\000\040\000F\000l\000u\000x\000\040\000d\000e\000s\000\040\000D\000o\000n\000n\000\351\000e\000s}{section.2}% 9
\BOOKMARK [1][-]{section.3}{\376\377\000I\000n\000t\000e\000r\000f\000a\000c\000e\000\040\000S\000t\000r\000e\000a\000m\000l\000i\000t\000\040\000-\000\040\000A\000r\000c\000h\000i\000t\000e\000c\000t\000u\000r\000e\000\040\000d\000e\000s\000\040\000O\000n\000g\000l\000e\000t\000s}{}% 10
\BOOKMARK [2][-]{subsection.3.1}{\376\377\000P\000o\000i\000n\000t\000\040\000d\000'\000E\000n\000t\000r\000\351\000e\000\040\000:\000\040\000P\000r\000o\000f\000i\000l\000\040\000d\000e\000\040\000t\000e\000m\000p\000\351\000r\000a\000t\000u\000r\000e\000\040\000A\000u\000b\000e\000.\000p\000y}{section.3}% 11
\BOOKMARK [2][-]{subsection.3.2}{\376\377\000O\000n\000g\000l\000e\000t\000\040\000D\000a\000s\000h\000b\000o\000a\000r\000d\000\040\000\050\000t\000a\000b\000s\000/\000d\000a\000s\000h\000b\000o\000a\000r\000d\000\137\000h\000o\000m\000e\000.\000p\000y\000\051}{section.3}% 12
\BOOKMARK [2][-]{subsection.3.3}{\376\377\000O\000n\000g\000l\000e\000t\000\040\000M\000\351\000c\000a\000n\000i\000q\000u\000e\000\040\000\050\000t\000a\000b\000s\000/\000m\000e\000c\000h\000a\000n\000i\000c\000a\000l\000.\000p\000y\000\051}{section.3}% 13
\BOOKMARK [2][-]{subsection.3.4}{\376\377\000V\000i\000s\000u\000a\000l\000i\000s\000a\000t\000i\000o\000n\000s\000\040\000A\000v\000a\000n\000c\000\351\000e\000s}{section.3}% 14
\BOOKMARK [1][-]{section.4}{\376\377\000M\000o\000d\000\351\000l\000i\000s\000a\000t\000i\000o\000n\000\040\000M\000a\000t\000h\000\351\000m\000a\000t\000i\000q\000u\000e\000\040\000D\000\351\000t\000a\000i\000l\000l\000\351\000e\000\040\000\050\000\311\000t\000a\000p\000e\000s\000\040\0001\000-\0008\000\040\000d\000u\000\040\000P\000D\000F\000\051}{}% 15
\BOOKMARK [2][-]{subsection.4.1}{\376\377\000\311\000t\000a\000p\000e\000\040\0001\000-\0002\000\040\000:\000\040\000R\000e\000p\000r\000\351\000s\000e\000n\000t\000a\000t\000i\000o\000n\000\040\000S\000p\000e\000c\000t\000r\000a\000l\000e\000\040\000d\000e\000\040\000l\000a\000\040\000T\000e\000m\000p\000\351\000r\000a\000t\000u\000r\000e}{section.4}% 16
\BOOKMARK [2][-]{subsection.4.2}{\376\377\000\311\000t\000a\000p\000e\000\040\0003\000\040\000:\000\040\000S\000o\000l\000u\000t\000i\000o\000n\000\040\000T\000h\000e\000r\000m\000i\000q\000u\000e\000\040\000p\000a\000r\000\040\000C\000o\000u\000c\000h\000e}{section.4}% 17
\BOOKMARK [2][-]{subsection.4.3}{\376\377\000\311\000t\000a\000p\000e\000\040\0004\000\040\000:\000\040\000L\000o\000i\000\040\000d\000e\000\040\000C\000o\000m\000p\000o\000r\000t\000e\000m\000e\000n\000t\000\040\000T\000h\000e\000r\000m\000o\000-\000\311\000l\000a\000s\000t\000i\000q\000u\000e}{section.4}% 18
\BOOKMARK [2][-]{subsection.4.4}{\376\377\000\311\000t\000a\000p\000e\000\040\0005\000\040\000:\000\040\000A\000n\000s\000a\000t\000z\000\040\000d\000e\000\040\000D\000\351\000p\000l\000a\000c\000e\000m\000e\000n\000t}{section.4}% 19
\BOOKMARK [2][-]{subsection.4.5}{\376\377\000\311\000t\000a\000p\000e\000\040\0006\000\040\000:\000\040\000M\000a\000t\000r\000i\000c\000e\000\040\000D\000y\000n\000a\000m\000i\000q\000u\000e\000\040\000\050\000\051\000\040\000e\000t\000\040\000V\000a\000l\000e\000u\000r\000s\000\040\000P\000r\000o\000p\000r\000e\000s}{section.4}% 20
\BOOKMARK [2][-]{subsection.4.6}{\376\377\000\311\000t\000a\000p\000e\000\040\0007\000\040\000:\000\040\000A\000s\000s\000e\000m\000b\000l\000a\000g\000e\000\040\0009\000\040\0009\000\040\000e\000t\000\040\000T\000e\000r\000m\000e\000s\000\040\000T\000h\000e\000r\000m\000i\000q\000u\000e\000s}{section.4}% 21
\BOOKMARK [2][-]{subsection.4.7}{\376\377\000\311\000t\000a\000p\000e\000\040\0008\000\040\000:\000\040\000A\000s\000s\000e\000m\000b\000l\000a\000g\000e\000\040\000M\000u\000l\000t\000i\000c\000o\000u\000c\000h\000e}{section.4}% 22
\BOOKMARK [2][-]{subsection.4.8}{\376\377\000C\000r\000i\000t\000\350\000r\000e\000s\000\040\000d\000'\000E\000n\000d\000o\000m\000m\000a\000g\000e\000m\000e\000n\000t}{section.4}% 23
\BOOKMARK [1][-]{section.5}{\376\377\000C\000o\000r\000r\000e\000s\000p\000o\000n\000d\000a\000n\000c\000e\000\040\000T\000h\000\351\000o\000r\000i\000e\000\040\000\040\000C\000o\000d\000e\000\040\000:\000\040\000I\000m\000p\000l\000\351\000m\000e\000n\000t\000a\000t\000i\000o\000n\000\040\000P\000y\000t\000h\000o\000n}{}% 24
\BOOKMARK [2][-]{subsection.5.1}{\376\377\000\311\000t\000a\000p\000e\000\040\0001\000-\0003\000\040\000:\000\040\000T\000h\000e\000r\000m\000i\000q\000u\000e\000\040\000\050\000c\000o\000r\000e\000/\000c\000a\000l\000c\000u\000l\000a\000t\000i\000o\000n\000.\000p\000y\000\051}{section.5}% 25
\BOOKMARK [2][-]{subsection.5.2}{\376\377\000\311\000t\000a\000p\000e\000\040\0004\000\040\000:\000\040\000L\000o\000i\000\040\000d\000e\000\040\000C\000o\000m\000p\000o\000r\000t\000e\000m\000e\000n\000t\000\040\000\050\000c\000o\000r\000e\000/\000c\000o\000n\000s\000t\000a\000n\000t\000s\000.\000p\000y\000\051}{section.5}% 26
\BOOKMARK [2][-]{subsection.5.3}{\376\377\000\311\000t\000a\000p\000e\000\040\0005\000-\0006\000\040\000:\000\040\000A\000n\000s\000a\000t\000z\000\040\000e\000t\000\040\000S\000y\000s\000t\000\350\000m\000e\000\040\000a\000u\000x\000\040\000V\000a\000l\000e\000u\000r\000s\000\040\000P\000r\000o\000p\000r\000e\000s\000\040\000\050\000c\000o\000r\000e\000/\000m\000e\000c\000h\000a\000n\000i\000c\000a\000l\000.\000p\000y\000\051}{section.5}% 27
\BOOKMARK [2][-]{subsection.5.4}{\376\377\000\311\000t\000a\000p\000e\000\040\0007\000\040\000:\000\040\000M\000a\000t\000r\000i\000c\000e\000\040\000R\000\040\000e\000t\000\040\000C\000o\000n\000d\000i\000t\000i\000o\000n\000s\000\040\000a\000u\000x\000\040\000L\000i\000m\000i\000t\000e\000s}{section.5}% 28
\BOOKMARK [2][-]{subsection.5.5}{\376\377\000\311\000t\000a\000p\000e\000\040\0008\000\040\000:\000\040\000A\000s\000s\000e\000m\000b\000l\000a\000g\000e\000\040\000G\000l\000o\000b\000a\000l\000\040\000\050\000c\000o\000r\000e\000/\000m\000e\000c\000h\000a\000n\000i\000c\000a\000l\000.\000p\000y\000\051}{section.5}% 29
\BOOKMARK [2][-]{subsection.5.6}{\376\377\000N\000o\000u\000v\000e\000l\000l\000e\000\040\000I\000m\000p\000l\000\351\000m\000e\000n\000t\000a\000t\000i\000o\000n\000\040\000:\000\040\000M\000o\000d\000u\000l\000e\000\040\000m\000e\000c\000h\000a\000n\000i\000c\000a\000l\000\137\000p\000d\000f\000.\000p\000y}{section.5}% 30
\BOOKMARK [3][-]{subsubsection.5.6.1}{\376\377\000S\000e\000c\000t\000i\000o\000n\000\040\0002\000\040\000:\000\040\000F\000o\000r\000m\000e\000\040\000d\000e\000\040\000l\000a\000\040\000S\000o\000l\000u\000t\000i\000o\000n\000\040\000G\000\351\000n\000\351\000r\000a\000l\000e}{subsection.5.6}% 31
\BOOKMARK [3][-]{subsubsection.5.6.2}{\376\377\000S\000e\000c\000t\000i\000o\000n\000\040\0005\000\040\000:\000\040\000O\000p\000\351\000r\000a\000t\000e\000u\000r\000s\000\040\000L\000j\000k\000\040\000e\000t\000\040\000T\000e\000r\000m\000e\000s\000\040\000T\000h\000e\000r\000m\000i\000q\000u\000e\000s}{subsection.5.6}% 32
\BOOKMARK [3][-]{subsubsection.5.6.3}{\376\377\000S\000e\000c\000t\000i\000o\000n\000\040\0006\000\040\000:\000\040\000M\000a\000t\000r\000i\000c\000e\000\040\000\050\000\051}{subsection.5.6}% 33
\BOOKMARK [3][-]{subsubsection.5.6.4}{\376\377\000S\000e\000c\000t\000i\000o\000n\000\040\0007\000\040\000:\000\040\000A\000s\000s\000e\000m\000b\000l\000a\000g\000e\000\040\000M\000a\000t\000r\000i\000c\000i\000e\000l\000\040\0009\000\040\0009}{subsection.5.6}% 34
\BOOKMARK [1][-]{section.6}{\376\377\000C\000r\000i\000t\000\350\000r\000e\000s\000\040\000d\000'\000E\000n\000d\000o\000m\000m\000a\000g\000e\000m\000e\000n\000t\000\040\000\050\000c\000o\000r\000e\000/\000d\000a\000m\000a\000g\000e\000\137\000a\000n\000a\000l\000y\000s\000i\000s\000.\000p\000y\000\051}{}% 35
\BOOKMARK [1][-]{section.7}{\376\377\000T\000a\000b\000l\000e\000a\000u\000\040\000d\000e\000\040\000C\000o\000r\000r\000e\000s\000p\000o\000n\000d\000a\000n\000c\000e\000\040\000C\000o\000m\000p\000l\000e\000t}{}% 36
\BOOKMARK [1][-]{section.8}{\376\377\000F\000o\000r\000\347\000a\000g\000e\000\040\000T\000h\000e\000r\000m\000i\000q\000u\000e\000\040\000e\000t\000\040\000C\000o\000e\000f\000f\000i\000c\000i\000e\000n\000t\000s\000\040\000B\000e\000t\000a}{}% 37
\BOOKMARK [2][-]{subsection.8.1}{\376\377\000C\000o\000e\000f\000f\000i\000c\000i\000e\000n\000t\000s\000\040\000d\000e\000\040\000C\000o\000n\000t\000r\000a\000i\000n\000t\000e\000\040\000T\000h\000e\000r\000m\000i\000q\000u\000e\000\040\000i}{section.8}% 38
\BOOKMARK [2][-]{subsection.8.2}{\376\377\000V\000e\000c\000t\000e\000u\000r\000\040\000d\000e\000\040\000F\000o\000r\000\347\000a\000g\000e\000\040\000T\000h\000e\000r\000m\000i\000q\000u\000e\000\040\000F\000t\000h}{section.8}% 39
\BOOKMARK [1][-]{section.9}{\376\377\000S\000t\000a\000b\000i\000l\000i\000t\000\351\000\040\000N\000u\000m\000\351\000r\000i\000q\000u\000e\000\040\000:\000\040\000R\000\351\000g\000u\000l\000a\000r\000i\000s\000a\000t\000i\000o\000n\000\040\000d\000e\000\040\000T\000i\000k\000h\000o\000n\000o\000v}{}% 40
\BOOKMARK [2][-]{subsection.9.1}{\376\377\000P\000r\000\351\000c\000o\000n\000d\000i\000t\000i\000o\000n\000n\000e\000m\000e\000n\000t\000\040\000p\000a\000r\000\040\000\311\000q\000u\000i\000l\000i\000b\000r\000a\000g\000e}{section.9}% 41
\BOOKMARK [2][-]{subsection.9.2}{\376\377\000R\000\351\000g\000u\000l\000a\000r\000i\000s\000a\000t\000i\000o\000n\000\040\000d\000e\000\040\000T\000i\000k\000h\000o\000n\000o\000v}{section.9}% 42
\BOOKMARK [1][-]{section.10}{\376\377\000I\000n\000t\000e\000r\000p\000r\000\351\000t\000a\000t\000i\000o\000n\000\040\000P\000h\000y\000s\000i\000q\000u\000e\000\040\000d\000e\000s\000\040\000R\000\351\000s\000u\000l\000t\000a\000t\000s}{}% 43
\BOOKMARK [2][-]{subsection.10.1}{\376\377\000S\000i\000g\000n\000i\000f\000i\000c\000a\000t\000i\000o\000n\000\040\000d\000e\000s\000\040\000C\000o\000n\000t\000r\000a\000i\000n\000t\000e\000s\000\040\000T\000r\000a\000n\000s\000v\000e\000r\000s\000e\000s}{section.10}% 44
\BOOKMARK [2][-]{subsection.10.2}{\376\377\000Z\000o\000n\000e\000s\000\040\000C\000r\000i\000t\000i\000q\000u\000e\000s\000\040\000T\000y\000p\000i\000q\000u\000e\000s}{section.10}% 45
\BOOKMARK [2][-]{subsection.10.3}{\376\377\000I\000n\000f\000l\000u\000e\000n\000c\000e\000\040\000d\000e\000s\000\040\000P\000a\000r\000a\000m\000\350\000t\000r\000e\000s\000\040\000s\000u\000r\000\040\000l\000e\000s\000\040\000C\000o\000n\000t\000r\000a\000i\000n\000t\000e\000s}{section.10}% 46
\BOOKMARK [2][-]{subsection.10.4}{\376\377\000M\000o\000d\000e\000s\000\040\000d\000e\000\040\000R\000u\000p\000t\000u\000r\000e\000\040\000a\000u\000x\000\040\000I\000n\000t\000e\000r\000f\000a\000c\000e\000s}{section.10}% 47
\BOOKMARK [1][-]{section.11}{\376\377\000C\000o\000m\000p\000a\000r\000a\000i\000s\000o\000n\000\040\000:\000\040\000M\000\351\000t\000h\000o\000d\000e\000\040\000S\000p\000e\000c\000t\000r\000a\000l\000e\000\040\000v\000s\000\040\000C\000L\000T}{}% 48
\BOOKMARK [1][-]{section.12}{\376\377\000V\000a\000l\000i\000d\000a\000t\000i\000o\000n\000\040\000:\000\040\000R\000\351\000f\000\351\000r\000e\000n\000c\000e\000\040\000O\000N\000E\000R\000A\000/\000S\000a\000f\000r\000a\000n}{}% 49
\BOOKMARK [1][-]{section.13}{\376\377\000A\000n\000n\000e\000x\000e\000\040\000A\000\040\000:\000\040\000\311\000q\000u\000i\000l\000i\000b\000r\000e\000\040\000L\000o\000c\000a\000l\000\040\000e\000t\000\040\000S\000o\000l\000u\000t\000i\000o\000n\000\040\000D\000\351\000t\000a\000i\000l\000l\000\351\000e}{}% 50
\BOOKMARK [2][-]{subsection.13.1}{\376\377\000\311\000q\000u\000i\000l\000i\000b\000r\000e\000\040\000L\000o\000c\000a\000l\000\040\000e\000n\000\040\000F\000o\000r\000m\000u\000l\000a\000t\000i\000o\000n\000\040\000F\000o\000r\000t\000e}{section.13}% 51
\BOOKMARK [3][-]{subsubsection.13.1.1}{\376\377\000\311\000q\000u\000a\000t\000i\000o\000n\000s\000\040\000d\000e\000\040\000C\000h\000a\000m\000p\000\040\000\050\000x\0003\000\051}{subsection.13.1}% 52
\BOOKMARK [2][-]{subsection.13.2}{\376\377\000F\000o\000r\000m\000e\000\040\000d\000e\000\040\000l\000a\000\040\000S\000o\000l\000u\000t\000i\000o\000n\000\040\000G\000\351\000n\000\351\000r\000a\000l\000e}{section.13}% 53
\BOOKMARK [2][-]{subsection.13.3}{\376\377\000D\000\351\000r\000i\000v\000\351\000e\000s\000\040\000P\000r\000e\000m\000i\000\350\000r\000e\000s\000\040\000e\000t\000\040\000S\000e\000c\000o\000n\000d\000e\000s}{section.13}% 54
\BOOKMARK [2][-]{subsection.13.4}{\376\377\000O\000p\000\351\000r\000a\000t\000e\000u\000r\000s\000\040\000L\000j\000k\000r\000\050\000i\000\051\000\040\000d\000e\000\040\000l\000a\000\040\000M\000a\000t\000r\000i\000c\000e\000\040\000D\000y\000n\000a\000m\000i\000q\000u\000e}{section.13}% 55
\BOOKMARK [2][-]{subsection.13.5}{\376\377\000M\000a\000t\000r\000i\000c\000e\000\040\000\050\000\051\000\040\000e\000t\000\040\000S\000y\000s\000t\000\350\000m\000e\000\040\000H\000o\000m\000o\000g\000\350\000n\000e}{section.13}% 56
\BOOKMARK [2][-]{subsection.13.6}{\376\377\000A\000s\000s\000e\000m\000b\000l\000a\000g\000e\000\040\000C\000o\000m\000p\000l\000e\000t\000\040\000d\000u\000\040\000S\000y\000s\000t\000\350\000m\000e\000\040\0009\000\040\0009}{section.13}% 57
\BOOKMARK [2][-]{subsection.13.7}{\376\377\000T\000e\000r\000m\000e\000s\000\040\000d\000e\000\040\000S\000o\000l\000l\000i\000c\000i\000t\000a\000t\000i\000o\000n\000\040\000T\000h\000e\000r\000m\000i\000q\000u\000e\000\040\000Q}{section.13}% 58
\BOOKMARK [1][-]{section.14}{\376\377\000C\000o\000n\000c\000l\000u\000s\000i\000o\000n}{}% 59
